TN:
SF:app\components\admin\AdminProfileForm.tsx
FN:22,(anonymous_0)
FN:56,(anonymous_1)
FN:73,(anonymous_2)
FN:80,(anonymous_3)
FN:85,(anonymous_4)
FN:92,(anonymous_5)
FN:93,(anonymous_6)
FN:98,(anonymous_7)
FN:205,(anonymous_8)
FN:224,(anonymous_9)
FN:242,(anonymous_10)
FN:268,(anonymous_11)
FN:287,(anonymous_12)
FN:306,(anonymous_13)
FN:325,(anonymous_14)
FNF:15
FNH:15
FNDA:21,(anonymous_0)
FNDA:282,(anonymous_1)
FNDA:27,(anonymous_2)
FNDA:29,(anonymous_3)
FNDA:2,(anonymous_4)
FNDA:27,(anonymous_5)
FNDA:27,(anonymous_6)
FNDA:16,(anonymous_7)
FNDA:55,(anonymous_8)
FNDA:6,(anonymous_9)
FNDA:31,(anonymous_10)
FNDA:23,(anonymous_11)
FNDA:43,(anonymous_12)
FNDA:42,(anonymous_13)
FNDA:1,(anonymous_14)
DA:1,1
DA:7,1
DA:8,1
DA:9,1
DA:22,1
DA:25,21
DA:27,21
DA:28,10
DA:31,11
DA:32,2
DA:38,9
DA:39,2
DA:42,7
DA:43,2
DA:46,5
DA:47,2
DA:53,3
DA:56,1
DA:57,282
DA:58,282
DA:60,282
DA:61,282
DA:62,282
DA:63,282
DA:64,282
DA:65,282
DA:67,282
DA:68,282
DA:69,282
DA:71,282
DA:73,282
DA:74,27
DA:75,26
DA:76,27
DA:77,27
DA:80,282
DA:81,29
DA:82,29
DA:83,4
DA:84,4
DA:85,4
DA:86,2
DA:92,282
DA:93,27
DA:94,27
DA:98,282
DA:99,16
DA:100,16
DA:101,16
DA:103,16
DA:104,16
DA:105,16
DA:107,16
DA:108,1
DA:109,1
DA:113,15
DA:117,16
DA:124,16
DA:125,4
DA:126,4
DA:129,11
DA:131,16
DA:132,1
DA:133,1
DA:136,10
DA:141,10
DA:142,2
DA:143,2
DA:146,10
DA:147,10
DA:148,10
DA:149,10
DA:150,9
DA:151,9
DA:152,9
DA:153,9
DA:156,10
DA:160,282
DA:161,2
DA:171,280
DA:205,55
DA:224,6
DA:242,31
DA:268,23
DA:287,43
DA:306,42
DA:325,1
LF:87
LH:87
BRDA:27,0,0,10
BRDA:27,0,1,11
BRDA:27,1,0,21
BRDA:27,1,1,12
BRDA:27,1,2,10
BRDA:31,2,0,2
BRDA:31,2,1,9
BRDA:31,3,0,11
BRDA:31,3,1,2
BRDA:31,3,2,2
BRDA:38,4,0,2
BRDA:38,4,1,7
BRDA:42,5,0,2
BRDA:42,5,1,5
BRDA:46,6,0,2
BRDA:46,6,1,3
BRDA:74,7,0,1
BRDA:74,7,1,26
BRDA:75,8,0,26
BRDA:75,8,1,1
BRDA:76,9,0,27
BRDA:76,9,1,1
BRDA:77,10,0,27
BRDA:77,10,1,1
BRDA:81,11,0,1
BRDA:81,11,1,28
BRDA:82,12,0,4
BRDA:82,12,1,25
BRDA:84,13,0,1
BRDA:84,13,1,3
BRDA:94,14,0,3
BRDA:94,14,1,24
BRDA:107,15,0,1
BRDA:107,15,1,15
BRDA:107,16,0,16
BRDA:107,16,1,15
BRDA:113,17,0,15
BRDA:113,17,1,9
BRDA:113,17,2,8
BRDA:115,18,0,8
BRDA:115,18,1,0
BRDA:124,19,0,4
BRDA:124,19,1,12
BRDA:129,20,0,11
BRDA:129,20,1,2
BRDA:131,21,0,1
BRDA:131,21,1,15
BRDA:131,22,0,16
BRDA:131,22,1,3
BRDA:141,23,0,2
BRDA:141,23,1,8
BRDA:149,24,0,9
BRDA:149,24,1,1
BRDA:160,25,0,2
BRDA:160,25,1,280
BRDA:173,26,0,280
BRDA:173,26,1,7
BRDA:181,27,0,282
BRDA:181,27,1,5
BRDA:321,28,0,10
BRDA:321,28,1,270
BRF:61
BRH:60
end_of_record
