TN:
SF:app\api\admin\categories\route.ts
FN:10,(anonymous_0)
FN:19,(anonymous_1)
FNF:2
FNH:2
FNDA:20,(anonymous_0)
FNDA:1,(anonymous_1)
DA:8,1
DA:10,1
DA:13,20
DA:14,20
DA:16,19
DA:19,19
DA:21,19
DA:22,4
DA:28,15
DA:29,15
DA:33,20
DA:34,4
DA:40,11
DA:41,1
DA:53,10
DA:55,10
DA:56,1
DA:67,9
DA:74,7
DA:75,2
DA:82,5
DA:87,4
DA:98,3
DA:102,1
DA:108,2
DA:113,3
LF:26
LH:26
BRDA:14,0,0,1
BRDA:14,0,1,19
BRDA:21,1,0,4
BRDA:21,1,1,15
BRDA:21,2,0,19
BRDA:21,2,1,17
BRDA:21,2,2,16
BRDA:29,3,0,13
BRDA:29,3,1,2
BRDA:33,4,0,4
BRDA:33,4,1,16
BRDA:40,5,0,1
BRDA:40,5,1,10
BRDA:55,6,0,1
BRDA:55,6,1,9
BRDA:74,7,0,2
BRDA:74,7,1,5
BRDA:98,8,0,1
BRDA:98,8,1,2
BRDA:99,9,0,3
BRDA:99,9,1,2
BRDA:110,10,0,1
BRDA:110,10,1,1
BRF:23
BRH:23
end_of_record
